beego/beego
gobuffalo/buffalo
labstack/echo
gofiber/fiber
gin-gonic/gin
NYTimes/gizmo
ant0ine/go-json-rest
goadesign/goa
go-macaron/macaron
revel/revel
go-martini/martini
gorilla/mux
goji/goji
gocraft/web
pilu/traffic
emicklei/go-restful
go-chi/chi
julienschmidt/httprouter
ivpusic/neo
valyala/fasthttp
bnkamalesh/webgo
go-swagger/go-swagger
labstack/armor
devfeel/dotweb
go-kit/kit
tmaiaroto/aegis
rs/rest-layer
vardius/gorouter
go-aah/aah
ponzu-cms/ponzu
gramework/gramework
johng-cn/gf
tusharsoni/copper
go-goyave/goyave
abahmed/gearbox
yoyofx/yoyogo
go-kratos/kratos
tal-tech/go-zero
i-love-flamingo/flamingo
cloudwego/kitex
cloudwego/hertz
